[2025-06-16T08:29:08.903+0000] {processor.py:161} INFO - Started process (PID=182) to work on /opt/airflow/dags/nasa_apod_dag.py
[2025-06-16T08:29:08.908+0000] {processor.py:830} INFO - Processing file /opt/airflow/dags/nasa_apod_dag.py for tasks to queue
[2025-06-16T08:29:08.911+0000] {logging_mixin.py:188} INFO - [2025-06-16T08:29:08.911+0000] {dagbag.py:538} INFO - Filling up the DagBag from /opt/airflow/dags/nasa_apod_dag.py
[2025-06-16T08:29:08.983+0000] {logging_mixin.py:188} WARNING - /home/airflow/.local/lib/python3.8/site-packages/airflow/models/baseoperator.py:437 AirflowProviderDeprecationWarning: Class `SimpleHttpOperator` is deprecated and will be removed in a future release. Please use `HttpOperator` instead.
[2025-06-16T08:29:09.014+0000] {processor.py:840} INFO - DAG(s) 'nasa_apod_postgres' retrieved from /opt/airflow/dags/nasa_apod_dag.py
[2025-06-16T08:29:09.381+0000] {logging_mixin.py:188} INFO - [2025-06-16T08:29:09.379+0000] {override.py:1769} INFO - Created Permission View: can read on DAG:nasa_apod_postgres
[2025-06-16T08:29:09.396+0000] {logging_mixin.py:188} INFO - [2025-06-16T08:29:09.396+0000] {override.py:1769} INFO - Created Permission View: can delete on DAG:nasa_apod_postgres
[2025-06-16T08:29:09.408+0000] {logging_mixin.py:188} INFO - [2025-06-16T08:29:09.407+0000] {override.py:1769} INFO - Created Permission View: can edit on DAG:nasa_apod_postgres
[2025-06-16T08:29:09.409+0000] {logging_mixin.py:188} INFO - [2025-06-16T08:29:09.409+0000] {dag.py:3036} INFO - Sync 1 DAGs
[2025-06-16T08:29:09.433+0000] {logging_mixin.py:188} INFO - [2025-06-16T08:29:09.433+0000] {dag.py:3058} INFO - Creating ORM DAG for nasa_apod_postgres
[2025-06-16T08:29:09.499+0000] {logging_mixin.py:188} INFO - [2025-06-16T08:29:09.499+0000] {dag.py:3823} INFO - Setting next_dagrun for nasa_apod_postgres to 2025-06-15 00:00:00+00:00, run_after=2025-06-16 00:00:00+00:00
[2025-06-16T08:29:09.526+0000] {processor.py:183} INFO - Processing /opt/airflow/dags/nasa_apod_dag.py took 0.640 seconds
[2025-06-16T08:29:39.900+0000] {processor.py:161} INFO - Started process (PID=216) to work on /opt/airflow/dags/nasa_apod_dag.py
[2025-06-16T08:29:39.903+0000] {processor.py:830} INFO - Processing file /opt/airflow/dags/nasa_apod_dag.py for tasks to queue
[2025-06-16T08:29:39.907+0000] {logging_mixin.py:188} INFO - [2025-06-16T08:29:39.906+0000] {dagbag.py:538} INFO - Filling up the DagBag from /opt/airflow/dags/nasa_apod_dag.py
[2025-06-16T08:29:39.967+0000] {logging_mixin.py:188} WARNING - /home/airflow/.local/lib/python3.8/site-packages/airflow/models/baseoperator.py:437 AirflowProviderDeprecationWarning: Class `SimpleHttpOperator` is deprecated and will be removed in a future release. Please use `HttpOperator` instead.
[2025-06-16T08:29:39.994+0000] {processor.py:840} INFO - DAG(s) 'nasa_apod_postgres' retrieved from /opt/airflow/dags/nasa_apod_dag.py
[2025-06-16T08:29:40.080+0000] {logging_mixin.py:188} INFO - [2025-06-16T08:29:40.079+0000] {dag.py:3036} INFO - Sync 1 DAGs
[2025-06-16T08:29:40.143+0000] {logging_mixin.py:188} INFO - [2025-06-16T08:29:40.142+0000] {dag.py:3823} INFO - Setting next_dagrun for nasa_apod_postgres to 2025-06-15 00:00:00+00:00, run_after=2025-06-16 00:00:00+00:00
[2025-06-16T08:29:40.197+0000] {processor.py:183} INFO - Processing /opt/airflow/dags/nasa_apod_dag.py took 0.309 seconds
[2025-06-16T08:30:10.626+0000] {processor.py:161} INFO - Started process (PID=228) to work on /opt/airflow/dags/nasa_apod_dag.py
[2025-06-16T08:30:10.631+0000] {processor.py:830} INFO - Processing file /opt/airflow/dags/nasa_apod_dag.py for tasks to queue
[2025-06-16T08:30:10.635+0000] {logging_mixin.py:188} INFO - [2025-06-16T08:30:10.634+0000] {dagbag.py:538} INFO - Filling up the DagBag from /opt/airflow/dags/nasa_apod_dag.py
[2025-06-16T08:30:10.697+0000] {logging_mixin.py:188} WARNING - /home/airflow/.local/lib/python3.8/site-packages/airflow/models/baseoperator.py:437 AirflowProviderDeprecationWarning: Class `SimpleHttpOperator` is deprecated and will be removed in a future release. Please use `HttpOperator` instead.
[2025-06-16T08:30:10.720+0000] {processor.py:840} INFO - DAG(s) 'nasa_apod_postgres' retrieved from /opt/airflow/dags/nasa_apod_dag.py
[2025-06-16T08:30:10.787+0000] {logging_mixin.py:188} INFO - [2025-06-16T08:30:10.786+0000] {dag.py:3036} INFO - Sync 1 DAGs
[2025-06-16T08:30:10.826+0000] {logging_mixin.py:188} INFO - [2025-06-16T08:30:10.826+0000] {dag.py:3823} INFO - Setting next_dagrun for nasa_apod_postgres to 2025-06-15 00:00:00+00:00, run_after=2025-06-16 00:00:00+00:00
[2025-06-16T08:30:10.859+0000] {processor.py:183} INFO - Processing /opt/airflow/dags/nasa_apod_dag.py took 0.250 seconds
[2025-06-16T08:30:41.222+0000] {processor.py:161} INFO - Started process (PID=240) to work on /opt/airflow/dags/nasa_apod_dag.py
[2025-06-16T08:30:41.224+0000] {processor.py:830} INFO - Processing file /opt/airflow/dags/nasa_apod_dag.py for tasks to queue
[2025-06-16T08:30:41.227+0000] {logging_mixin.py:188} INFO - [2025-06-16T08:30:41.226+0000] {dagbag.py:538} INFO - Filling up the DagBag from /opt/airflow/dags/nasa_apod_dag.py
[2025-06-16T08:30:41.261+0000] {logging_mixin.py:188} WARNING - /home/airflow/.local/lib/python3.8/site-packages/airflow/models/baseoperator.py:437 AirflowProviderDeprecationWarning: Class `SimpleHttpOperator` is deprecated and will be removed in a future release. Please use `HttpOperator` instead.
[2025-06-16T08:30:41.282+0000] {processor.py:840} INFO - DAG(s) 'nasa_apod_postgres' retrieved from /opt/airflow/dags/nasa_apod_dag.py
[2025-06-16T08:30:41.333+0000] {logging_mixin.py:188} INFO - [2025-06-16T08:30:41.333+0000] {dag.py:3036} INFO - Sync 1 DAGs
[2025-06-16T08:30:41.375+0000] {logging_mixin.py:188} INFO - [2025-06-16T08:30:41.375+0000] {dag.py:3823} INFO - Setting next_dagrun for nasa_apod_postgres to 2025-06-15 00:00:00+00:00, run_after=2025-06-16 00:00:00+00:00
[2025-06-16T08:30:41.412+0000] {processor.py:183} INFO - Processing /opt/airflow/dags/nasa_apod_dag.py took 0.197 seconds
[2025-06-16T08:31:11.854+0000] {processor.py:161} INFO - Started process (PID=253) to work on /opt/airflow/dags/nasa_apod_dag.py
[2025-06-16T08:31:11.856+0000] {processor.py:830} INFO - Processing file /opt/airflow/dags/nasa_apod_dag.py for tasks to queue
[2025-06-16T08:31:11.857+0000] {logging_mixin.py:188} INFO - [2025-06-16T08:31:11.857+0000] {dagbag.py:538} INFO - Filling up the DagBag from /opt/airflow/dags/nasa_apod_dag.py
[2025-06-16T08:31:11.877+0000] {logging_mixin.py:188} WARNING - /home/airflow/.local/lib/python3.8/site-packages/airflow/models/baseoperator.py:437 AirflowProviderDeprecationWarning: Class `SimpleHttpOperator` is deprecated and will be removed in a future release. Please use `HttpOperator` instead.
[2025-06-16T08:31:11.891+0000] {processor.py:840} INFO - DAG(s) 'nasa_apod_postgres' retrieved from /opt/airflow/dags/nasa_apod_dag.py
[2025-06-16T08:31:11.930+0000] {logging_mixin.py:188} INFO - [2025-06-16T08:31:11.930+0000] {dag.py:3036} INFO - Sync 1 DAGs
[2025-06-16T08:31:11.959+0000] {logging_mixin.py:188} INFO - [2025-06-16T08:31:11.958+0000] {dag.py:3823} INFO - Setting next_dagrun for nasa_apod_postgres to 2025-06-15 00:00:00+00:00, run_after=2025-06-16 00:00:00+00:00
[2025-06-16T08:31:11.988+0000] {processor.py:183} INFO - Processing /opt/airflow/dags/nasa_apod_dag.py took 0.139 seconds
[2025-06-16T09:23:56.727+0000] {processor.py:161} INFO - Started process (PID=182) to work on /opt/airflow/dags/nasa_apod_dag.py
[2025-06-16T09:23:56.728+0000] {processor.py:830} INFO - Processing file /opt/airflow/dags/nasa_apod_dag.py for tasks to queue
[2025-06-16T09:23:56.729+0000] {logging_mixin.py:188} INFO - [2025-06-16T09:23:56.729+0000] {dagbag.py:538} INFO - Filling up the DagBag from /opt/airflow/dags/nasa_apod_dag.py
[2025-06-16T09:23:56.748+0000] {logging_mixin.py:188} WARNING - /home/airflow/.local/lib/python3.8/site-packages/airflow/models/baseoperator.py:437 AirflowProviderDeprecationWarning: Class `SimpleHttpOperator` is deprecated and will be removed in a future release. Please use `HttpOperator` instead.
[2025-06-16T09:23:56.762+0000] {processor.py:840} INFO - DAG(s) 'nasa_apod_postgres' retrieved from /opt/airflow/dags/nasa_apod_dag.py
[2025-06-16T09:23:57.015+0000] {logging_mixin.py:188} INFO - [2025-06-16T09:23:57.015+0000] {override.py:1769} INFO - Created Permission View: can read on DAG:nasa_apod_postgres
[2025-06-16T09:23:57.028+0000] {logging_mixin.py:188} INFO - [2025-06-16T09:23:57.027+0000] {override.py:1769} INFO - Created Permission View: can edit on DAG:nasa_apod_postgres
[2025-06-16T09:23:57.037+0000] {logging_mixin.py:188} INFO - [2025-06-16T09:23:57.037+0000] {override.py:1769} INFO - Created Permission View: can delete on DAG:nasa_apod_postgres
[2025-06-16T09:23:57.038+0000] {logging_mixin.py:188} INFO - [2025-06-16T09:23:57.038+0000] {dag.py:3036} INFO - Sync 1 DAGs
[2025-06-16T09:23:57.053+0000] {logging_mixin.py:188} INFO - [2025-06-16T09:23:57.053+0000] {dag.py:3058} INFO - Creating ORM DAG for nasa_apod_postgres
[2025-06-16T09:23:57.068+0000] {logging_mixin.py:188} INFO - [2025-06-16T09:23:57.067+0000] {dag.py:3823} INFO - Setting next_dagrun for nasa_apod_postgres to 2025-06-15 00:00:00+00:00, run_after=2025-06-16 00:00:00+00:00
[2025-06-16T09:23:57.099+0000] {processor.py:183} INFO - Processing /opt/airflow/dags/nasa_apod_dag.py took 0.376 seconds
[2025-06-16T09:24:27.345+0000] {processor.py:161} INFO - Started process (PID=214) to work on /opt/airflow/dags/nasa_apod_dag.py
[2025-06-16T09:24:27.347+0000] {processor.py:830} INFO - Processing file /opt/airflow/dags/nasa_apod_dag.py for tasks to queue
[2025-06-16T09:24:27.348+0000] {logging_mixin.py:188} INFO - [2025-06-16T09:24:27.348+0000] {dagbag.py:538} INFO - Filling up the DagBag from /opt/airflow/dags/nasa_apod_dag.py
[2025-06-16T09:24:27.364+0000] {logging_mixin.py:188} WARNING - /home/airflow/.local/lib/python3.8/site-packages/airflow/models/baseoperator.py:437 AirflowProviderDeprecationWarning: Class `SimpleHttpOperator` is deprecated and will be removed in a future release. Please use `HttpOperator` instead.
[2025-06-16T09:24:27.371+0000] {processor.py:840} INFO - DAG(s) 'nasa_apod_postgres' retrieved from /opt/airflow/dags/nasa_apod_dag.py
[2025-06-16T09:24:27.402+0000] {logging_mixin.py:188} INFO - [2025-06-16T09:24:27.402+0000] {dag.py:3036} INFO - Sync 1 DAGs
[2025-06-16T09:24:27.425+0000] {logging_mixin.py:188} INFO - [2025-06-16T09:24:27.425+0000] {dag.py:3823} INFO - Setting next_dagrun for nasa_apod_postgres to 2025-06-15 00:00:00+00:00, run_after=2025-06-16 00:00:00+00:00
[2025-06-16T09:24:27.452+0000] {processor.py:183} INFO - Processing /opt/airflow/dags/nasa_apod_dag.py took 0.111 seconds
[2025-06-16T09:24:57.602+0000] {processor.py:161} INFO - Started process (PID=226) to work on /opt/airflow/dags/nasa_apod_dag.py
[2025-06-16T09:24:57.603+0000] {processor.py:830} INFO - Processing file /opt/airflow/dags/nasa_apod_dag.py for tasks to queue
[2025-06-16T09:24:57.605+0000] {logging_mixin.py:188} INFO - [2025-06-16T09:24:57.604+0000] {dagbag.py:538} INFO - Filling up the DagBag from /opt/airflow/dags/nasa_apod_dag.py
[2025-06-16T09:24:57.622+0000] {logging_mixin.py:188} WARNING - /home/airflow/.local/lib/python3.8/site-packages/airflow/models/baseoperator.py:437 AirflowProviderDeprecationWarning: Class `SimpleHttpOperator` is deprecated and will be removed in a future release. Please use `HttpOperator` instead.
[2025-06-16T09:24:57.630+0000] {processor.py:840} INFO - DAG(s) 'nasa_apod_postgres' retrieved from /opt/airflow/dags/nasa_apod_dag.py
[2025-06-16T09:24:57.656+0000] {logging_mixin.py:188} INFO - [2025-06-16T09:24:57.655+0000] {dag.py:3036} INFO - Sync 1 DAGs
[2025-06-16T09:24:57.679+0000] {logging_mixin.py:188} INFO - [2025-06-16T09:24:57.679+0000] {dag.py:3823} INFO - Setting next_dagrun for nasa_apod_postgres to 2025-06-15 00:00:00+00:00, run_after=2025-06-16 00:00:00+00:00
[2025-06-16T09:24:57.704+0000] {processor.py:183} INFO - Processing /opt/airflow/dags/nasa_apod_dag.py took 0.107 seconds
[2025-06-16T09:25:27.885+0000] {processor.py:161} INFO - Started process (PID=238) to work on /opt/airflow/dags/nasa_apod_dag.py
[2025-06-16T09:25:27.887+0000] {processor.py:830} INFO - Processing file /opt/airflow/dags/nasa_apod_dag.py for tasks to queue
[2025-06-16T09:25:27.889+0000] {logging_mixin.py:188} INFO - [2025-06-16T09:25:27.888+0000] {dagbag.py:538} INFO - Filling up the DagBag from /opt/airflow/dags/nasa_apod_dag.py
[2025-06-16T09:25:27.905+0000] {logging_mixin.py:188} WARNING - /home/airflow/.local/lib/python3.8/site-packages/airflow/models/baseoperator.py:437 AirflowProviderDeprecationWarning: Class `SimpleHttpOperator` is deprecated and will be removed in a future release. Please use `HttpOperator` instead.
[2025-06-16T09:25:27.911+0000] {processor.py:840} INFO - DAG(s) 'nasa_apod_postgres' retrieved from /opt/airflow/dags/nasa_apod_dag.py
[2025-06-16T09:25:27.941+0000] {logging_mixin.py:188} INFO - [2025-06-16T09:25:27.941+0000] {dag.py:3036} INFO - Sync 1 DAGs
[2025-06-16T09:25:27.965+0000] {logging_mixin.py:188} INFO - [2025-06-16T09:25:27.964+0000] {dag.py:3823} INFO - Setting next_dagrun for nasa_apod_postgres to 2025-06-15 00:00:00+00:00, run_after=2025-06-16 00:00:00+00:00
[2025-06-16T09:25:27.993+0000] {processor.py:183} INFO - Processing /opt/airflow/dags/nasa_apod_dag.py took 0.112 seconds
[2025-06-16T09:25:58.090+0000] {processor.py:161} INFO - Started process (PID=250) to work on /opt/airflow/dags/nasa_apod_dag.py
[2025-06-16T09:25:58.092+0000] {processor.py:830} INFO - Processing file /opt/airflow/dags/nasa_apod_dag.py for tasks to queue
[2025-06-16T09:25:58.093+0000] {logging_mixin.py:188} INFO - [2025-06-16T09:25:58.092+0000] {dagbag.py:538} INFO - Filling up the DagBag from /opt/airflow/dags/nasa_apod_dag.py
[2025-06-16T09:25:58.108+0000] {logging_mixin.py:188} WARNING - /home/airflow/.local/lib/python3.8/site-packages/airflow/models/baseoperator.py:437 AirflowProviderDeprecationWarning: Class `SimpleHttpOperator` is deprecated and will be removed in a future release. Please use `HttpOperator` instead.
[2025-06-16T09:25:58.115+0000] {processor.py:840} INFO - DAG(s) 'nasa_apod_postgres' retrieved from /opt/airflow/dags/nasa_apod_dag.py
[2025-06-16T09:25:58.147+0000] {logging_mixin.py:188} INFO - [2025-06-16T09:25:58.146+0000] {dag.py:3036} INFO - Sync 1 DAGs
[2025-06-16T09:25:58.171+0000] {logging_mixin.py:188} INFO - [2025-06-16T09:25:58.171+0000] {dag.py:3823} INFO - Setting next_dagrun for nasa_apod_postgres to 2025-06-15 00:00:00+00:00, run_after=2025-06-16 00:00:00+00:00
[2025-06-16T09:25:58.197+0000] {processor.py:183} INFO - Processing /opt/airflow/dags/nasa_apod_dag.py took 0.111 seconds
[2025-06-16T09:26:28.357+0000] {processor.py:161} INFO - Started process (PID=262) to work on /opt/airflow/dags/nasa_apod_dag.py
[2025-06-16T09:26:28.358+0000] {processor.py:830} INFO - Processing file /opt/airflow/dags/nasa_apod_dag.py for tasks to queue
[2025-06-16T09:26:28.359+0000] {logging_mixin.py:188} INFO - [2025-06-16T09:26:28.359+0000] {dagbag.py:538} INFO - Filling up the DagBag from /opt/airflow/dags/nasa_apod_dag.py
[2025-06-16T09:26:28.373+0000] {logging_mixin.py:188} WARNING - /home/airflow/.local/lib/python3.8/site-packages/airflow/models/baseoperator.py:437 AirflowProviderDeprecationWarning: Class `SimpleHttpOperator` is deprecated and will be removed in a future release. Please use `HttpOperator` instead.
[2025-06-16T09:26:28.381+0000] {processor.py:840} INFO - DAG(s) 'nasa_apod_postgres' retrieved from /opt/airflow/dags/nasa_apod_dag.py
[2025-06-16T09:26:28.408+0000] {logging_mixin.py:188} INFO - [2025-06-16T09:26:28.408+0000] {dag.py:3036} INFO - Sync 1 DAGs
[2025-06-16T09:26:28.431+0000] {logging_mixin.py:188} INFO - [2025-06-16T09:26:28.431+0000] {dag.py:3823} INFO - Setting next_dagrun for nasa_apod_postgres to 2025-06-15 00:00:00+00:00, run_after=2025-06-16 00:00:00+00:00
[2025-06-16T09:26:28.455+0000] {processor.py:183} INFO - Processing /opt/airflow/dags/nasa_apod_dag.py took 0.101 seconds
[2025-06-16T09:26:58.834+0000] {processor.py:161} INFO - Started process (PID=274) to work on /opt/airflow/dags/nasa_apod_dag.py
[2025-06-16T09:26:58.835+0000] {processor.py:830} INFO - Processing file /opt/airflow/dags/nasa_apod_dag.py for tasks to queue
[2025-06-16T09:26:58.836+0000] {logging_mixin.py:188} INFO - [2025-06-16T09:26:58.835+0000] {dagbag.py:538} INFO - Filling up the DagBag from /opt/airflow/dags/nasa_apod_dag.py
[2025-06-16T09:26:58.858+0000] {logging_mixin.py:188} WARNING - /home/airflow/.local/lib/python3.8/site-packages/airflow/models/baseoperator.py:437 AirflowProviderDeprecationWarning: Class `SimpleHttpOperator` is deprecated and will be removed in a future release. Please use `HttpOperator` instead.
[2025-06-16T09:26:58.865+0000] {processor.py:840} INFO - DAG(s) 'nasa_apod_postgres' retrieved from /opt/airflow/dags/nasa_apod_dag.py
[2025-06-16T09:26:58.893+0000] {logging_mixin.py:188} INFO - [2025-06-16T09:26:58.893+0000] {dag.py:3036} INFO - Sync 1 DAGs
[2025-06-16T09:26:58.913+0000] {logging_mixin.py:188} INFO - [2025-06-16T09:26:58.912+0000] {dag.py:3823} INFO - Setting next_dagrun for nasa_apod_postgres to 2025-06-15 00:00:00+00:00, run_after=2025-06-16 00:00:00+00:00
[2025-06-16T09:26:58.932+0000] {processor.py:183} INFO - Processing /opt/airflow/dags/nasa_apod_dag.py took 0.103 seconds
[2025-06-16T09:27:29.172+0000] {processor.py:161} INFO - Started process (PID=286) to work on /opt/airflow/dags/nasa_apod_dag.py
[2025-06-16T09:27:29.173+0000] {processor.py:830} INFO - Processing file /opt/airflow/dags/nasa_apod_dag.py for tasks to queue
[2025-06-16T09:27:29.175+0000] {logging_mixin.py:188} INFO - [2025-06-16T09:27:29.175+0000] {dagbag.py:538} INFO - Filling up the DagBag from /opt/airflow/dags/nasa_apod_dag.py
[2025-06-16T09:27:29.276+0000] {logging_mixin.py:188} WARNING - /home/airflow/.local/lib/python3.8/site-packages/airflow/models/baseoperator.py:437 AirflowProviderDeprecationWarning: Class `SimpleHttpOperator` is deprecated and will be removed in a future release. Please use `HttpOperator` instead.
[2025-06-16T09:27:29.291+0000] {processor.py:840} INFO - DAG(s) 'nasa_apod_postgres' retrieved from /opt/airflow/dags/nasa_apod_dag.py
[2025-06-16T09:27:29.343+0000] {logging_mixin.py:188} INFO - [2025-06-16T09:27:29.342+0000] {dag.py:3036} INFO - Sync 1 DAGs
[2025-06-16T09:27:29.383+0000] {logging_mixin.py:188} INFO - [2025-06-16T09:27:29.383+0000] {dag.py:3823} INFO - Setting next_dagrun for nasa_apod_postgres to 2025-06-15 00:00:00+00:00, run_after=2025-06-16 00:00:00+00:00
[2025-06-16T09:27:29.441+0000] {processor.py:183} INFO - Processing /opt/airflow/dags/nasa_apod_dag.py took 0.275 seconds
[2025-06-16T09:27:59.858+0000] {processor.py:161} INFO - Started process (PID=298) to work on /opt/airflow/dags/nasa_apod_dag.py
[2025-06-16T09:27:59.861+0000] {processor.py:830} INFO - Processing file /opt/airflow/dags/nasa_apod_dag.py for tasks to queue
[2025-06-16T09:27:59.864+0000] {logging_mixin.py:188} INFO - [2025-06-16T09:27:59.863+0000] {dagbag.py:538} INFO - Filling up the DagBag from /opt/airflow/dags/nasa_apod_dag.py
[2025-06-16T09:27:59.900+0000] {logging_mixin.py:188} WARNING - /home/airflow/.local/lib/python3.8/site-packages/airflow/models/baseoperator.py:437 AirflowProviderDeprecationWarning: Class `SimpleHttpOperator` is deprecated and will be removed in a future release. Please use `HttpOperator` instead.
[2025-06-16T09:27:59.911+0000] {processor.py:840} INFO - DAG(s) 'nasa_apod_postgres' retrieved from /opt/airflow/dags/nasa_apod_dag.py
[2025-06-16T09:27:59.984+0000] {logging_mixin.py:188} INFO - [2025-06-16T09:27:59.984+0000] {dag.py:3036} INFO - Sync 1 DAGs
[2025-06-16T09:28:00.014+0000] {logging_mixin.py:188} INFO - [2025-06-16T09:28:00.014+0000] {dag.py:3823} INFO - Setting next_dagrun for nasa_apod_postgres to 2025-06-15 00:00:00+00:00, run_after=2025-06-16 00:00:00+00:00
[2025-06-16T09:28:00.046+0000] {processor.py:183} INFO - Processing /opt/airflow/dags/nasa_apod_dag.py took 0.196 seconds
[2025-06-16T09:28:30.099+0000] {processor.py:161} INFO - Started process (PID=310) to work on /opt/airflow/dags/nasa_apod_dag.py
[2025-06-16T09:28:30.100+0000] {processor.py:830} INFO - Processing file /opt/airflow/dags/nasa_apod_dag.py for tasks to queue
[2025-06-16T09:28:30.101+0000] {logging_mixin.py:188} INFO - [2025-06-16T09:28:30.101+0000] {dagbag.py:538} INFO - Filling up the DagBag from /opt/airflow/dags/nasa_apod_dag.py
[2025-06-16T09:28:30.114+0000] {logging_mixin.py:188} WARNING - /home/airflow/.local/lib/python3.8/site-packages/airflow/models/baseoperator.py:437 AirflowProviderDeprecationWarning: Class `SimpleHttpOperator` is deprecated and will be removed in a future release. Please use `HttpOperator` instead.
[2025-06-16T09:28:30.120+0000] {processor.py:840} INFO - DAG(s) 'nasa_apod_postgres' retrieved from /opt/airflow/dags/nasa_apod_dag.py
[2025-06-16T09:28:30.147+0000] {logging_mixin.py:188} INFO - [2025-06-16T09:28:30.147+0000] {dag.py:3036} INFO - Sync 1 DAGs
[2025-06-16T09:28:30.170+0000] {logging_mixin.py:188} INFO - [2025-06-16T09:28:30.170+0000] {dag.py:3823} INFO - Setting next_dagrun for nasa_apod_postgres to 2025-06-15 00:00:00+00:00, run_after=2025-06-16 00:00:00+00:00
[2025-06-16T09:28:30.195+0000] {processor.py:183} INFO - Processing /opt/airflow/dags/nasa_apod_dag.py took 0.099 seconds
[2025-06-16T09:29:00.631+0000] {processor.py:161} INFO - Started process (PID=322) to work on /opt/airflow/dags/nasa_apod_dag.py
[2025-06-16T09:29:00.632+0000] {processor.py:830} INFO - Processing file /opt/airflow/dags/nasa_apod_dag.py for tasks to queue
[2025-06-16T09:29:00.634+0000] {logging_mixin.py:188} INFO - [2025-06-16T09:29:00.633+0000] {dagbag.py:538} INFO - Filling up the DagBag from /opt/airflow/dags/nasa_apod_dag.py
[2025-06-16T09:29:00.653+0000] {logging_mixin.py:188} WARNING - /home/airflow/.local/lib/python3.8/site-packages/airflow/models/baseoperator.py:437 AirflowProviderDeprecationWarning: Class `SimpleHttpOperator` is deprecated and will be removed in a future release. Please use `HttpOperator` instead.
[2025-06-16T09:29:00.664+0000] {processor.py:840} INFO - DAG(s) 'nasa_apod_postgres' retrieved from /opt/airflow/dags/nasa_apod_dag.py
[2025-06-16T09:29:00.704+0000] {logging_mixin.py:188} INFO - [2025-06-16T09:29:00.704+0000] {dag.py:3036} INFO - Sync 1 DAGs
[2025-06-16T09:29:00.745+0000] {logging_mixin.py:188} INFO - [2025-06-16T09:29:00.745+0000] {dag.py:3823} INFO - Setting next_dagrun for nasa_apod_postgres to 2025-06-15 00:00:00+00:00, run_after=2025-06-16 00:00:00+00:00
[2025-06-16T09:29:00.774+0000] {processor.py:183} INFO - Processing /opt/airflow/dags/nasa_apod_dag.py took 0.147 seconds
[2025-06-16T09:29:30.840+0000] {processor.py:161} INFO - Started process (PID=334) to work on /opt/airflow/dags/nasa_apod_dag.py
[2025-06-16T09:29:30.841+0000] {processor.py:830} INFO - Processing file /opt/airflow/dags/nasa_apod_dag.py for tasks to queue
[2025-06-16T09:29:30.843+0000] {logging_mixin.py:188} INFO - [2025-06-16T09:29:30.842+0000] {dagbag.py:538} INFO - Filling up the DagBag from /opt/airflow/dags/nasa_apod_dag.py
[2025-06-16T09:29:30.867+0000] {logging_mixin.py:188} WARNING - /home/airflow/.local/lib/python3.8/site-packages/airflow/models/baseoperator.py:437 AirflowProviderDeprecationWarning: Class `SimpleHttpOperator` is deprecated and will be removed in a future release. Please use `HttpOperator` instead.
[2025-06-16T09:29:30.876+0000] {processor.py:840} INFO - DAG(s) 'nasa_apod_postgres' retrieved from /opt/airflow/dags/nasa_apod_dag.py
[2025-06-16T09:29:30.915+0000] {logging_mixin.py:188} INFO - [2025-06-16T09:29:30.915+0000] {dag.py:3036} INFO - Sync 1 DAGs
[2025-06-16T09:29:30.955+0000] {logging_mixin.py:188} INFO - [2025-06-16T09:29:30.955+0000] {dag.py:3823} INFO - Setting next_dagrun for nasa_apod_postgres to 2025-06-15 00:00:00+00:00, run_after=2025-06-16 00:00:00+00:00
[2025-06-16T09:29:30.985+0000] {processor.py:183} INFO - Processing /opt/airflow/dags/nasa_apod_dag.py took 0.158 seconds
[2025-06-16T09:30:01.192+0000] {processor.py:161} INFO - Started process (PID=346) to work on /opt/airflow/dags/nasa_apod_dag.py
[2025-06-16T09:30:01.194+0000] {processor.py:830} INFO - Processing file /opt/airflow/dags/nasa_apod_dag.py for tasks to queue
[2025-06-16T09:30:01.195+0000] {logging_mixin.py:188} INFO - [2025-06-16T09:30:01.195+0000] {dagbag.py:538} INFO - Filling up the DagBag from /opt/airflow/dags/nasa_apod_dag.py
[2025-06-16T09:30:01.215+0000] {logging_mixin.py:188} WARNING - /home/airflow/.local/lib/python3.8/site-packages/airflow/models/baseoperator.py:437 AirflowProviderDeprecationWarning: Class `SimpleHttpOperator` is deprecated and will be removed in a future release. Please use `HttpOperator` instead.
[2025-06-16T09:30:01.224+0000] {processor.py:840} INFO - DAG(s) 'nasa_apod_postgres' retrieved from /opt/airflow/dags/nasa_apod_dag.py
[2025-06-16T09:30:01.269+0000] {logging_mixin.py:188} INFO - [2025-06-16T09:30:01.268+0000] {dag.py:3036} INFO - Sync 1 DAGs
[2025-06-16T09:30:01.305+0000] {logging_mixin.py:188} INFO - [2025-06-16T09:30:01.305+0000] {dag.py:3823} INFO - Setting next_dagrun for nasa_apod_postgres to 2025-06-15 00:00:00+00:00, run_after=2025-06-16 00:00:00+00:00
[2025-06-16T09:30:01.344+0000] {processor.py:183} INFO - Processing /opt/airflow/dags/nasa_apod_dag.py took 0.155 seconds
[2025-06-16T09:30:30.514+0000] {processor.py:161} INFO - Started process (PID=358) to work on /opt/airflow/dags/nasa_apod_dag.py
[2025-06-16T09:30:30.515+0000] {processor.py:830} INFO - Processing file /opt/airflow/dags/nasa_apod_dag.py for tasks to queue
[2025-06-16T09:30:30.516+0000] {logging_mixin.py:188} INFO - [2025-06-16T09:30:30.515+0000] {dagbag.py:538} INFO - Filling up the DagBag from /opt/airflow/dags/nasa_apod_dag.py
[2025-06-16T09:30:30.545+0000] {logging_mixin.py:188} WARNING - /home/airflow/.local/lib/python3.8/site-packages/airflow/models/baseoperator.py:437 AirflowProviderDeprecationWarning: Class `SimpleHttpOperator` is deprecated and will be removed in a future release. Please use `HttpOperator` instead.
[2025-06-16T09:30:30.559+0000] {logging_mixin.py:188} INFO - [2025-06-16T09:30:30.546+0000] {dagbag.py:348} ERROR - Failed to import: /opt/airflow/dags/nasa_apod_dag.py
Traceback (most recent call last):
  File "/home/airflow/.local/lib/python3.8/site-packages/airflow/models/dagbag.py", line 344, in parse
    loader.exec_module(new_module)
  File "<frozen importlib._bootstrap_external>", line 843, in exec_module
  File "<frozen importlib._bootstrap>", line 219, in _call_with_frames_removed
  File "/opt/airflow/dags/nasa_apod_dag.py", line 63, in <module>
    extract_apod = SimpleHttpOperator(
  File "/home/airflow/.local/lib/python3.8/site-packages/airflow/models/baseoperator.py", line 437, in apply_defaults
    result = func(self, **kwargs, default_args=default_args)
  File "/home/airflow/.local/lib/python3.8/site-packages/airflow/providers/http/operators/http.py", line 353, in __init__
    super().__init__(**kwargs)
  File "/home/airflow/.local/lib/python3.8/site-packages/airflow/models/baseoperator.py", line 437, in apply_defaults
    result = func(self, **kwargs, default_args=default_args)
  File "/home/airflow/.local/lib/python3.8/site-packages/airflow/providers/http/operators/http.py", line 125, in __init__
    super().__init__(**kwargs)
  File "/home/airflow/.local/lib/python3.8/site-packages/airflow/models/baseoperator.py", line 437, in apply_defaults
    result = func(self, **kwargs, default_args=default_args)
  File "/home/airflow/.local/lib/python3.8/site-packages/airflow/models/baseoperator.py", line 793, in __init__
    raise AirflowException(
airflow.exceptions.AirflowException: Invalid arguments were passed to SimpleHttpOperator (task_id: extract_apod). Invalid arguments were:
**kwargs: {'xcom_push': True}
[2025-06-16T09:30:30.560+0000] {processor.py:842} WARNING - No viable dags retrieved from /opt/airflow/dags/nasa_apod_dag.py
[2025-06-16T09:30:30.598+0000] {processor.py:183} INFO - Processing /opt/airflow/dags/nasa_apod_dag.py took 0.088 seconds
[2025-06-16T09:31:00.843+0000] {processor.py:161} INFO - Started process (PID=370) to work on /opt/airflow/dags/nasa_apod_dag.py
[2025-06-16T09:31:00.844+0000] {processor.py:830} INFO - Processing file /opt/airflow/dags/nasa_apod_dag.py for tasks to queue
[2025-06-16T09:31:00.846+0000] {logging_mixin.py:188} INFO - [2025-06-16T09:31:00.846+0000] {dagbag.py:538} INFO - Filling up the DagBag from /opt/airflow/dags/nasa_apod_dag.py
[2025-06-16T09:31:00.869+0000] {logging_mixin.py:188} WARNING - /home/airflow/.local/lib/python3.8/site-packages/airflow/models/baseoperator.py:437 AirflowProviderDeprecationWarning: Class `SimpleHttpOperator` is deprecated and will be removed in a future release. Please use `HttpOperator` instead.
[2025-06-16T09:31:00.875+0000] {logging_mixin.py:188} INFO - [2025-06-16T09:31:00.871+0000] {dagbag.py:348} ERROR - Failed to import: /opt/airflow/dags/nasa_apod_dag.py
Traceback (most recent call last):
  File "/home/airflow/.local/lib/python3.8/site-packages/airflow/models/dagbag.py", line 344, in parse
    loader.exec_module(new_module)
  File "<frozen importlib._bootstrap_external>", line 843, in exec_module
  File "<frozen importlib._bootstrap>", line 219, in _call_with_frames_removed
  File "/opt/airflow/dags/nasa_apod_dag.py", line 63, in <module>
    extract_apod = SimpleHttpOperator(
  File "/home/airflow/.local/lib/python3.8/site-packages/airflow/models/baseoperator.py", line 437, in apply_defaults
    result = func(self, **kwargs, default_args=default_args)
  File "/home/airflow/.local/lib/python3.8/site-packages/airflow/providers/http/operators/http.py", line 353, in __init__
    super().__init__(**kwargs)
  File "/home/airflow/.local/lib/python3.8/site-packages/airflow/models/baseoperator.py", line 437, in apply_defaults
    result = func(self, **kwargs, default_args=default_args)
  File "/home/airflow/.local/lib/python3.8/site-packages/airflow/providers/http/operators/http.py", line 125, in __init__
    super().__init__(**kwargs)
  File "/home/airflow/.local/lib/python3.8/site-packages/airflow/models/baseoperator.py", line 437, in apply_defaults
    result = func(self, **kwargs, default_args=default_args)
  File "/home/airflow/.local/lib/python3.8/site-packages/airflow/models/baseoperator.py", line 793, in __init__
    raise AirflowException(
airflow.exceptions.AirflowException: Invalid arguments were passed to SimpleHttpOperator (task_id: extract_apod). Invalid arguments were:
**kwargs: {'xcom_push': True}
[2025-06-16T09:31:00.875+0000] {processor.py:842} WARNING - No viable dags retrieved from /opt/airflow/dags/nasa_apod_dag.py
[2025-06-16T09:31:00.904+0000] {processor.py:183} INFO - Processing /opt/airflow/dags/nasa_apod_dag.py took 0.066 seconds
[2025-06-16T09:31:31.160+0000] {processor.py:161} INFO - Started process (PID=382) to work on /opt/airflow/dags/nasa_apod_dag.py
[2025-06-16T09:31:31.162+0000] {processor.py:830} INFO - Processing file /opt/airflow/dags/nasa_apod_dag.py for tasks to queue
[2025-06-16T09:31:31.164+0000] {logging_mixin.py:188} INFO - [2025-06-16T09:31:31.164+0000] {dagbag.py:538} INFO - Filling up the DagBag from /opt/airflow/dags/nasa_apod_dag.py
[2025-06-16T09:31:31.183+0000] {logging_mixin.py:188} WARNING - /home/airflow/.local/lib/python3.8/site-packages/airflow/models/baseoperator.py:437 AirflowProviderDeprecationWarning: Class `SimpleHttpOperator` is deprecated and will be removed in a future release. Please use `HttpOperator` instead.
[2025-06-16T09:31:31.188+0000] {logging_mixin.py:188} INFO - [2025-06-16T09:31:31.184+0000] {dagbag.py:348} ERROR - Failed to import: /opt/airflow/dags/nasa_apod_dag.py
Traceback (most recent call last):
  File "/home/airflow/.local/lib/python3.8/site-packages/airflow/models/dagbag.py", line 344, in parse
    loader.exec_module(new_module)
  File "<frozen importlib._bootstrap_external>", line 843, in exec_module
  File "<frozen importlib._bootstrap>", line 219, in _call_with_frames_removed
  File "/opt/airflow/dags/nasa_apod_dag.py", line 63, in <module>
    extract_apod = SimpleHttpOperator(
  File "/home/airflow/.local/lib/python3.8/site-packages/airflow/models/baseoperator.py", line 437, in apply_defaults
    result = func(self, **kwargs, default_args=default_args)
  File "/home/airflow/.local/lib/python3.8/site-packages/airflow/providers/http/operators/http.py", line 353, in __init__
    super().__init__(**kwargs)
  File "/home/airflow/.local/lib/python3.8/site-packages/airflow/models/baseoperator.py", line 437, in apply_defaults
    result = func(self, **kwargs, default_args=default_args)
  File "/home/airflow/.local/lib/python3.8/site-packages/airflow/providers/http/operators/http.py", line 125, in __init__
    super().__init__(**kwargs)
  File "/home/airflow/.local/lib/python3.8/site-packages/airflow/models/baseoperator.py", line 437, in apply_defaults
    result = func(self, **kwargs, default_args=default_args)
  File "/home/airflow/.local/lib/python3.8/site-packages/airflow/models/baseoperator.py", line 793, in __init__
    raise AirflowException(
airflow.exceptions.AirflowException: Invalid arguments were passed to SimpleHttpOperator (task_id: extract_apod). Invalid arguments were:
**kwargs: {'xcom_push': True}
[2025-06-16T09:31:31.189+0000] {processor.py:842} WARNING - No viable dags retrieved from /opt/airflow/dags/nasa_apod_dag.py
[2025-06-16T09:31:31.210+0000] {processor.py:183} INFO - Processing /opt/airflow/dags/nasa_apod_dag.py took 0.054 seconds
[2025-06-16T09:32:01.436+0000] {processor.py:161} INFO - Started process (PID=394) to work on /opt/airflow/dags/nasa_apod_dag.py
[2025-06-16T09:32:01.437+0000] {processor.py:830} INFO - Processing file /opt/airflow/dags/nasa_apod_dag.py for tasks to queue
[2025-06-16T09:32:01.440+0000] {logging_mixin.py:188} INFO - [2025-06-16T09:32:01.439+0000] {dagbag.py:538} INFO - Filling up the DagBag from /opt/airflow/dags/nasa_apod_dag.py
[2025-06-16T09:32:01.472+0000] {logging_mixin.py:188} WARNING - /home/airflow/.local/lib/python3.8/site-packages/airflow/models/baseoperator.py:437 AirflowProviderDeprecationWarning: Class `SimpleHttpOperator` is deprecated and will be removed in a future release. Please use `HttpOperator` instead.
[2025-06-16T09:32:01.481+0000] {logging_mixin.py:188} INFO - [2025-06-16T09:32:01.474+0000] {dagbag.py:348} ERROR - Failed to import: /opt/airflow/dags/nasa_apod_dag.py
Traceback (most recent call last):
  File "/home/airflow/.local/lib/python3.8/site-packages/airflow/models/dagbag.py", line 344, in parse
    loader.exec_module(new_module)
  File "<frozen importlib._bootstrap_external>", line 843, in exec_module
  File "<frozen importlib._bootstrap>", line 219, in _call_with_frames_removed
  File "/opt/airflow/dags/nasa_apod_dag.py", line 63, in <module>
    extract_apod = SimpleHttpOperator(
  File "/home/airflow/.local/lib/python3.8/site-packages/airflow/models/baseoperator.py", line 437, in apply_defaults
    result = func(self, **kwargs, default_args=default_args)
  File "/home/airflow/.local/lib/python3.8/site-packages/airflow/providers/http/operators/http.py", line 353, in __init__
    super().__init__(**kwargs)
  File "/home/airflow/.local/lib/python3.8/site-packages/airflow/models/baseoperator.py", line 437, in apply_defaults
    result = func(self, **kwargs, default_args=default_args)
  File "/home/airflow/.local/lib/python3.8/site-packages/airflow/providers/http/operators/http.py", line 125, in __init__
    super().__init__(**kwargs)
  File "/home/airflow/.local/lib/python3.8/site-packages/airflow/models/baseoperator.py", line 437, in apply_defaults
    result = func(self, **kwargs, default_args=default_args)
  File "/home/airflow/.local/lib/python3.8/site-packages/airflow/models/baseoperator.py", line 793, in __init__
    raise AirflowException(
airflow.exceptions.AirflowException: Invalid arguments were passed to SimpleHttpOperator (task_id: extract_apod). Invalid arguments were:
**kwargs: {'xcom_push': True}
[2025-06-16T09:32:01.482+0000] {processor.py:842} WARNING - No viable dags retrieved from /opt/airflow/dags/nasa_apod_dag.py
[2025-06-16T09:32:01.517+0000] {processor.py:183} INFO - Processing /opt/airflow/dags/nasa_apod_dag.py took 0.085 seconds
