[2025-06-16T08:29:08.434+0000] {manager.py:469} INFO - Processing files using up to 2 processes at a time 
[2025-06-16T08:29:08.435+0000] {manager.py:470} INFO - Process each file at most once every 30 seconds
[2025-06-16T08:29:08.435+0000] {manager.py:471} INFO - Checking for new files in /opt/airflow/dags every 300 seconds
[2025-06-16T08:29:08.436+0000] {manager.py:738} INFO - Searching for files in /opt/airflow/dags
[2025-06-16T08:29:08.448+0000] {manager.py:741} INFO - There are 1 files in /opt/airflow/dags
[2025-06-16T08:29:08.931+0000] {manager.py:879} INFO - 
================================================================================
DAG File Processing Stats

File Path                             PID  Runtime      # DAGs    # Errors  Last Runtime    Last Run
----------------------------------  -----  ---------  --------  ----------  --------------  ----------
/opt/airflow/dags/nasa_apod_dag.py    182  0.08s             0           0
================================================================================
[2025-06-16T08:29:39.208+0000] {manager.py:879} INFO - 
================================================================================
DAG File Processing Stats

File Path                           PID    Runtime      # DAGs    # Errors  Last Runtime    Last Run
----------------------------------  -----  ---------  --------  ----------  --------------  -------------------
/opt/airflow/dags/nasa_apod_dag.py                           1           0  0.71s           2025-06-16T08:29:09
================================================================================
[2025-06-16T08:30:09.519+0000] {manager.py:879} INFO - 
================================================================================
DAG File Processing Stats

File Path                           PID    Runtime      # DAGs    # Errors  Last Runtime    Last Run
----------------------------------  -----  ---------  --------  ----------  --------------  -------------------
/opt/airflow/dags/nasa_apod_dag.py                           1           0  0.39s           2025-06-16T08:29:40
================================================================================
[2025-06-16T08:30:39.860+0000] {manager.py:879} INFO - 
================================================================================
DAG File Processing Stats

File Path                           PID    Runtime      # DAGs    # Errors  Last Runtime    Last Run
----------------------------------  -----  ---------  --------  ----------  --------------  -------------------
/opt/airflow/dags/nasa_apod_dag.py                           1           0  0.32s           2025-06-16T08:30:10
================================================================================
[2025-06-16T08:31:10.405+0000] {manager.py:879} INFO - 
================================================================================
DAG File Processing Stats

File Path                           PID    Runtime      # DAGs    # Errors  Last Runtime    Last Run
----------------------------------  -----  ---------  --------  ----------  --------------  -------------------
/opt/airflow/dags/nasa_apod_dag.py                           1           0  0.26s           2025-06-16T08:30:41
================================================================================
[2025-06-16T09:23:56.430+0000] {manager.py:469} INFO - Processing files using up to 2 processes at a time 
[2025-06-16T09:23:56.432+0000] {manager.py:470} INFO - Process each file at most once every 30 seconds
[2025-06-16T09:23:56.433+0000] {manager.py:471} INFO - Checking for new files in /opt/airflow/dags every 300 seconds
[2025-06-16T09:23:56.435+0000] {manager.py:738} INFO - Searching for files in /opt/airflow/dags
[2025-06-16T09:23:56.461+0000] {manager.py:741} INFO - There are 1 files in /opt/airflow/dags
[2025-06-16T09:23:56.726+0000] {manager.py:879} INFO - 
================================================================================
DAG File Processing Stats

File Path                             PID  Runtime      # DAGs    # Errors  Last Runtime    Last Run
----------------------------------  -----  ---------  --------  ----------  --------------  ----------
/opt/airflow/dags/nasa_apod_dag.py    182  0.03s             0           0
================================================================================
[2025-06-16T09:24:26.896+0000] {manager.py:879} INFO - 
================================================================================
DAG File Processing Stats

File Path                           PID    Runtime      # DAGs    # Errors  Last Runtime    Last Run
----------------------------------  -----  ---------  --------  ----------  --------------  -------------------
/opt/airflow/dags/nasa_apod_dag.py                           1           0  0.42s           2025-06-16T09:23:57
================================================================================
[2025-06-16T09:24:57.585+0000] {manager.py:879} INFO - 
================================================================================
DAG File Processing Stats

File Path                             PID  Runtime      # DAGs    # Errors  Last Runtime    Last Run
----------------------------------  -----  ---------  --------  ----------  --------------  -------------------
/opt/airflow/dags/nasa_apod_dag.py    226  0.00s             1           0  0.13s           2025-06-16T09:24:27
================================================================================
[2025-06-16T09:25:27.871+0000] {manager.py:879} INFO - 
================================================================================
DAG File Processing Stats

File Path                             PID  Runtime      # DAGs    # Errors  Last Runtime    Last Run
----------------------------------  -----  ---------  --------  ----------  --------------  -------------------
/opt/airflow/dags/nasa_apod_dag.py    238  0.01s             1           0  0.13s           2025-06-16T09:24:57
================================================================================
[2025-06-16T09:25:58.077+0000] {manager.py:879} INFO - 
================================================================================
DAG File Processing Stats

File Path                             PID  Runtime      # DAGs    # Errors  Last Runtime    Last Run
----------------------------------  -----  ---------  --------  ----------  --------------  -------------------
/opt/airflow/dags/nasa_apod_dag.py    250  0.00s             1           0  0.14s           2025-06-16T09:25:28
================================================================================
[2025-06-16T09:26:28.345+0000] {manager.py:879} INFO - 
================================================================================
DAG File Processing Stats

File Path                             PID  Runtime      # DAGs    # Errors  Last Runtime    Last Run
----------------------------------  -----  ---------  --------  ----------  --------------  -------------------
/opt/airflow/dags/nasa_apod_dag.py    262  0.00s             1           0  0.14s           2025-06-16T09:25:58
================================================================================
[2025-06-16T09:26:58.814+0000] {manager.py:879} INFO - 
================================================================================
DAG File Processing Stats

File Path                             PID  Runtime      # DAGs    # Errors  Last Runtime    Last Run
----------------------------------  -----  ---------  --------  ----------  --------------  -------------------
/opt/airflow/dags/nasa_apod_dag.py    274  0.01s             1           0  0.12s           2025-06-16T09:26:28
================================================================================
[2025-06-16T09:27:29.135+0000] {manager.py:879} INFO - 
================================================================================
DAG File Processing Stats

File Path                             PID  Runtime      # DAGs    # Errors  Last Runtime    Last Run
----------------------------------  -----  ---------  --------  ----------  --------------  -------------------
/opt/airflow/dags/nasa_apod_dag.py    286  0.01s             1           0  0.14s           2025-06-16T09:26:58
================================================================================
[2025-06-16T09:27:59.411+0000] {manager.py:879} INFO - 
================================================================================
DAG File Processing Stats

File Path                           PID    Runtime      # DAGs    # Errors  Last Runtime    Last Run
----------------------------------  -----  ---------  --------  ----------  --------------  -------------------
/opt/airflow/dags/nasa_apod_dag.py                           1           0  0.34s           2025-06-16T09:27:29
================================================================================
[2025-06-16T09:28:30.085+0000] {manager.py:879} INFO - 
================================================================================
DAG File Processing Stats

File Path                             PID  Runtime      # DAGs    # Errors  Last Runtime    Last Run
----------------------------------  -----  ---------  --------  ----------  --------------  -------------------
/opt/airflow/dags/nasa_apod_dag.py    310  0.01s             1           0  0.25s           2025-06-16T09:28:00
================================================================================
[2025-06-16T09:28:56.438+0000] {manager.py:738} INFO - Searching for files in /opt/airflow/dags
[2025-06-16T09:28:56.479+0000] {manager.py:741} INFO - There are 1 files in /opt/airflow/dags
[2025-06-16T09:29:00.610+0000] {manager.py:879} INFO - 
================================================================================
DAG File Processing Stats

File Path                             PID  Runtime      # DAGs    # Errors  Last Runtime    Last Run
----------------------------------  -----  ---------  --------  ----------  --------------  -------------------
/opt/airflow/dags/nasa_apod_dag.py    322  0.05s             1           0  0.13s           2025-06-16T09:28:30
================================================================================
[2025-06-16T09:29:30.808+0000] {manager.py:879} INFO - 
================================================================================
DAG File Processing Stats

File Path                             PID  Runtime      # DAGs    # Errors  Last Runtime    Last Run
----------------------------------  -----  ---------  --------  ----------  --------------  -------------------
/opt/airflow/dags/nasa_apod_dag.py    334  0.01s             1           0  0.22s           2025-06-16T09:29:00
================================================================================
[2025-06-16T09:30:01.168+0000] {manager.py:879} INFO - 
================================================================================
DAG File Processing Stats

File Path                             PID  Runtime      # DAGs    # Errors  Last Runtime    Last Run
----------------------------------  -----  ---------  --------  ----------  --------------  -------------------
/opt/airflow/dags/nasa_apod_dag.py    346  0.01s             1           0  0.20s           2025-06-16T09:29:30
================================================================================
[2025-06-16T09:30:31.577+0000] {manager.py:879} INFO - 
================================================================================
DAG File Processing Stats

File Path                           PID    Runtime      # DAGs    # Errors  Last Runtime    Last Run
----------------------------------  -----  ---------  --------  ----------  --------------  -------------------
/opt/airflow/dags/nasa_apod_dag.py                           0           1  0.13s           2025-06-16T09:30:30
================================================================================
[2025-06-16T09:31:01.837+0000] {manager.py:879} INFO - 
================================================================================
DAG File Processing Stats

File Path                           PID    Runtime      # DAGs    # Errors  Last Runtime    Last Run
----------------------------------  -----  ---------  --------  ----------  --------------  -------------------
/opt/airflow/dags/nasa_apod_dag.py                           0           1  0.11s           2025-06-16T09:31:00
================================================================================
[2025-06-16T09:31:32.159+0000] {manager.py:879} INFO - 
================================================================================
DAG File Processing Stats

File Path                           PID    Runtime      # DAGs    # Errors  Last Runtime    Last Run
----------------------------------  -----  ---------  --------  ----------  --------------  -------------------
/opt/airflow/dags/nasa_apod_dag.py                           0           1  0.11s           2025-06-16T09:31:31
================================================================================
[2025-06-16T09:32:02.452+0000] {manager.py:879} INFO - 
================================================================================
DAG File Processing Stats

File Path                           PID    Runtime      # DAGs    # Errors  Last Runtime    Last Run
----------------------------------  -----  ---------  --------  ----------  --------------  -------------------
/opt/airflow/dags/nasa_apod_dag.py                           0           1  0.12s           2025-06-16T09:32:01
================================================================================
